Using pre-set license
Built from '2020.3/staging' branch; Version is '2020.3.13f1 (71691879b7f5) revision 7432472'; Using compiler version '192528614'; Build Type 'Release'
OS: 'Windows 10 Pro; OS build 19042.1110; Version 2009; 64bit' Language: 'en' Physical Memory: 16316 MB
BatchMode: 1, IsHumanControllingUs: 0, StartBugReporterOnCrash: 0, Is64bit: 1, IsPro: 0

 COMMAND LINE ARGUMENTS:
F:\Unity\Editor\Unity.exe
-adb2
-batchMode
-noUpm
-name
AssetImportWorker0
-projectPath
E:/BU Class/GI/final/final naja
-logFile
Logs/AssetImportWorker0.log
-srvPort
49705
Successfully changed project path to: E:/BU Class/GI/final/final naja
E:/BU Class/GI/final/final naja
Using Asset Import Pipeline V2.
Refreshing native plugins compatible for Editor in 100.41 ms, found 3 plugins.
Preloading 0 native plugins for Editor in 0.00 ms.
Initialize engine version: 2020.3.13f1 (71691879b7f5)
[Subsystems] Discovering subsystems at path F:/Unity/Editor/Data/Resources/UnitySubsystems
[Subsystems] Discovering subsystems at path E:/BU Class/GI/final/final naja/Assets
GfxDevice: creating device client; threaded=0
Direct3D:
    Version:  Direct3D 11.0 [level 11.1]
    Renderer: NVIDIA GeForce RTX 2060 (ID=0x1f08)
    Vendor:   
    VRAM:     5980 MB
    Driver:   30.0.14.7141
Initialize mono
Mono path[0] = 'F:/Unity/Editor/Data/Managed'
Mono path[1] = 'F:/Unity/Editor/Data/MonoBleedingEdge/lib/mono/unityjit'
Mono config path = 'F:/Unity/Editor/Data/MonoBleedingEdge/etc'
Using monoOptions --debugger-agent=transport=dt_socket,embedding=1,server=y,suspend=n,address=127.0.0.1:56784
Begin MonoManager ReloadAssembly
Registering precompiled unity dll's ...
Register platform support module: F:/Unity/Editor/Data/PlaybackEngines/WindowsStandaloneSupport/UnityEditor.WindowsStandalone.Extensions.dll
Registered in 0.002344 seconds.
Native extension for WindowsStandalone target not found
Refreshing native plugins compatible for Editor in 145.19 ms, found 3 plugins.
Preloading 0 native plugins for Editor in 0.00 ms.
Mono: successfully reloaded assembly
- Completed reload, in  2.492 seconds
Platform modules already initialized, skipping
Registering precompiled user dll's ...
Registered in 0.006551 seconds.
Begin MonoManager ReloadAssembly
Native extension for WindowsStandalone target not found
Refreshing native plugins compatible for Editor in 102.88 ms, found 3 plugins.
Preloading 0 native plugins for Editor in 0.00 ms.
Mono: successfully reloaded assembly
- Completed reload, in  1.962 seconds
Platform modules already initialized, skipping
========================================================================
Worker process is ready to serve import requests
Launched and connected shader compiler UnityShaderCompiler.exe after 0.16 seconds
Refreshing native plugins compatible for Editor in 1.44 ms, found 3 plugins.
Preloading 0 native plugins for Editor in 0.00 ms.
Unloading 2555 Unused Serialized files (Serialized files now loaded: 0)
System memory in use before: 119.0 MB.
System memory in use after: 119.0 MB.

Unloading 33 unused Assets to reduce memory usage. Loaded Objects now: 2996.
Total: 8.391900 ms (FindLiveObjects: 0.588600 ms CreateObjectMapping: 0.214000 ms MarkObjects: 7.213000 ms  DeleteObjects: 0.373400 ms)

AssetImportParameters requested are different than current active one (requested -> active):
  custom:framework-win-MediaFoundation: 216162199b28c13a410421893ffa2e32 -> 
  custom:video-decoder-ogg-theora: a1e56fd34408186e4bbccfd4996cb3dc -> 
  custom:container-muxer-webm: aa71ff27fc2769a1b78a27578f13a17b -> 
  custom:container-demuxer-webm: 4f35f7cbe854078d1ac9338744f61a02 -> 
  custom:container-demuxer-ogg: 62fdf1f143b41e24485cea50d1cbac27 -> 
  custom:video-encoder-webm-vp8: eb34c28f22e8b96e1ab97ce403110664 -> 
  custom:video-decoder-webm-vp8: 9c59270c3fd7afecdb556c50c9e8de78 -> 
  custom:audio-decoder-ogg-vorbis: bf7c407c2cedff20999df2af8eb42d56 -> 
  custom:audio-encoder-webm-vorbis: bf7c407c2cedff20999df2af8eb42d56 -> 
========================================================================
Received Import Request.
  path: Assets/Final/Z_2.unity
  artifactKey: Guid(8c444db84b024364a96724ca3eab64b9) Importer(815301076,1909f56bfc062723c751e8b465ee728b)
Start importing Assets/Final/Z_2.unity using Guid(8c444db84b024364a96724ca3eab64b9) Importer(815301076,1909f56bfc062723c751e8b465ee728b)  -> (artifact id: '81d0264a2d2b191a2c91dc4d4c15b0c6') in 0.033701 seconds 
  Import took 0.067333 seconds .

========================================================================
Received Import Request.
  Time since last request: 108.510349 seconds.
  path: Assets/Final/Z_1.unity
  artifactKey: Guid(a79e17e7eac4b6c48ad49ee4290c6a15) Importer(815301076,1909f56bfc062723c751e8b465ee728b)
Start importing Assets/Final/Z_1.unity using Guid(a79e17e7eac4b6c48ad49ee4290c6a15) Importer(815301076,1909f56bfc062723c751e8b465ee728b)  -> (artifact id: '6aae3bbb043bf098a98b8be2dc80d98f') in 0.011181 seconds 
  Import took 0.245016 seconds .

========================================================================
Received Prepare
Registering precompiled user dll's ...
Registered in 0.006301 seconds.
Begin MonoManager ReloadAssembly
Native extension for WindowsStandalone target not found
Refreshing native plugins compatible for Editor in 0.91 ms, found 3 plugins.
Preloading 0 native plugins for Editor in 0.00 ms.
Mono: successfully reloaded assembly
- Completed reload, in  1.874 seconds
Platform modules already initialized, skipping
Refreshing native plugins compatible for Editor in 1.81 ms, found 3 plugins.
Preloading 0 native plugins for Editor in 0.00 ms.
Unloading 2502 Unused Serialized files (Serialized files now loaded: 0)
System memory in use before: 114.4 MB.
System memory in use after: 114.5 MB.

Unloading 22 unused Assets to reduce memory usage. Loaded Objects now: 3000.
Total: 3.760800 ms (FindLiveObjects: 0.335900 ms CreateObjectMapping: 0.081500 ms MarkObjects: 3.120100 ms  DeleteObjects: 0.220900 ms)

AssetImportParameters requested are different than current active one (requested -> active):
  custom:framework-win-MediaFoundation: 216162199b28c13a410421893ffa2e32 -> 
  custom:video-decoder-ogg-theora: a1e56fd34408186e4bbccfd4996cb3dc -> 
  custom:container-muxer-webm: aa71ff27fc2769a1b78a27578f13a17b -> 
  custom:container-demuxer-webm: 4f35f7cbe854078d1ac9338744f61a02 -> 
  custom:container-demuxer-ogg: 62fdf1f143b41e24485cea50d1cbac27 -> 
  custom:video-encoder-webm-vp8: eb34c28f22e8b96e1ab97ce403110664 -> 
  custom:video-decoder-webm-vp8: 9c59270c3fd7afecdb556c50c9e8de78 -> 
  custom:audio-decoder-ogg-vorbis: bf7c407c2cedff20999df2af8eb42d56 -> 
  custom:audio-encoder-webm-vorbis: bf7c407c2cedff20999df2af8eb42d56 -> 
========================================================================
Received Import Request.
  Time since last request: 1972.682901 seconds.
  path: Assets/Final/Z_2.unity
  artifactKey: Guid(8c444db84b024364a96724ca3eab64b9) Importer(815301076,1909f56bfc062723c751e8b465ee728b)
Start importing Assets/Final/Z_2.unity using Guid(8c444db84b024364a96724ca3eab64b9) Importer(815301076,1909f56bfc062723c751e8b465ee728b)  -> (artifact id: '7945e2e48239d95137611a3726ecb1e0') in 0.045509 seconds 
  Import took 0.060246 seconds .

========================================================================
Received Prepare
Registering precompiled user dll's ...
Registered in 0.006122 seconds.
Begin MonoManager ReloadAssembly
Native extension for WindowsStandalone target not found
Refreshing native plugins compatible for Editor in 1.49 ms, found 3 plugins.
Preloading 0 native plugins for Editor in 0.00 ms.
Mono: successfully reloaded assembly
- Completed reload, in  2.093 seconds
Platform modules already initialized, skipping
Refreshing native plugins compatible for Editor in 1.34 ms, found 3 plugins.
Preloading 0 native plugins for Editor in 0.00 ms.
Unloading 2502 Unused Serialized files (Serialized files now loaded: 0)
System memory in use before: 114.5 MB.
System memory in use after: 114.5 MB.

Unloading 22 unused Assets to reduce memory usage. Loaded Objects now: 3004.
Total: 5.233000 ms (FindLiveObjects: 0.489000 ms CreateObjectMapping: 0.123100 ms MarkObjects: 4.405500 ms  DeleteObjects: 0.213400 ms)

AssetImportParameters requested are different than current active one (requested -> active):
  custom:framework-win-MediaFoundation: 216162199b28c13a410421893ffa2e32 -> 
  custom:video-decoder-ogg-theora: a1e56fd34408186e4bbccfd4996cb3dc -> 
  custom:container-muxer-webm: aa71ff27fc2769a1b78a27578f13a17b -> 
  custom:container-demuxer-webm: 4f35f7cbe854078d1ac9338744f61a02 -> 
  custom:container-demuxer-ogg: 62fdf1f143b41e24485cea50d1cbac27 -> 
  custom:video-encoder-webm-vp8: eb34c28f22e8b96e1ab97ce403110664 -> 
  custom:video-decoder-webm-vp8: 9c59270c3fd7afecdb556c50c9e8de78 -> 
  custom:audio-decoder-ogg-vorbis: bf7c407c2cedff20999df2af8eb42d56 -> 
  custom:audio-encoder-webm-vorbis: bf7c407c2cedff20999df2af8eb42d56 -> 
========================================================================
Received Import Request.
  Time since last request: 621.432159 seconds.
  path: Assets/Final/Z_2.unity
  artifactKey: Guid(8c444db84b024364a96724ca3eab64b9) Importer(815301076,1909f56bfc062723c751e8b465ee728b)
Start importing Assets/Final/Z_2.unity using Guid(8c444db84b024364a96724ca3eab64b9) Importer(815301076,1909f56bfc062723c751e8b465ee728b)  -> (artifact id: 'fec07d6b12a93e1f9ee92819f9f87b28') in 0.029840 seconds 
  Import took 0.269977 seconds .

========================================================================
Received Prepare
Registering precompiled user dll's ...
Registered in 0.005893 seconds.
Begin MonoManager ReloadAssembly
Native extension for WindowsStandalone target not found
Refreshing native plugins compatible for Editor in 1.83 ms, found 3 plugins.
Preloading 0 native plugins for Editor in 0.00 ms.
Mono: successfully reloaded assembly
- Completed reload, in  1.923 seconds
Platform modules already initialized, skipping
Refreshing native plugins compatible for Editor in 1.74 ms, found 3 plugins.
Preloading 0 native plugins for Editor in 0.00 ms.
Unloading 2502 Unused Serialized files (Serialized files now loaded: 0)
System memory in use before: 114.5 MB.
System memory in use after: 114.6 MB.

Unloading 22 unused Assets to reduce memory usage. Loaded Objects now: 3008.
Total: 5.668200 ms (FindLiveObjects: 0.414000 ms CreateObjectMapping: 0.106600 ms MarkObjects: 4.932700 ms  DeleteObjects: 0.213100 ms)

AssetImportParameters requested are different than current active one (requested -> active):
  custom:framework-win-MediaFoundation: 216162199b28c13a410421893ffa2e32 -> 
  custom:video-decoder-ogg-theora: a1e56fd34408186e4bbccfd4996cb3dc -> 
  custom:container-muxer-webm: aa71ff27fc2769a1b78a27578f13a17b -> 
  custom:container-demuxer-webm: 4f35f7cbe854078d1ac9338744f61a02 -> 
  custom:container-demuxer-ogg: 62fdf1f143b41e24485cea50d1cbac27 -> 
  custom:video-encoder-webm-vp8: eb34c28f22e8b96e1ab97ce403110664 -> 
  custom:video-decoder-webm-vp8: 9c59270c3fd7afecdb556c50c9e8de78 -> 
  custom:audio-decoder-ogg-vorbis: bf7c407c2cedff20999df2af8eb42d56 -> 
  custom:audio-encoder-webm-vorbis: bf7c407c2cedff20999df2af8eb42d56 -> 
========================================================================
Received Import Request.
  Time since last request: 143.977070 seconds.
  path: Assets/Final/Z_2.unity
  artifactKey: Guid(8c444db84b024364a96724ca3eab64b9) Importer(815301076,1909f56bfc062723c751e8b465ee728b)
Start importing Assets/Final/Z_2.unity using Guid(8c444db84b024364a96724ca3eab64b9) Importer(815301076,1909f56bfc062723c751e8b465ee728b)  -> (artifact id: 'd7fc444c431218b7c092ff262f2181cc') in 0.027492 seconds 
  Import took 0.086820 seconds .

========================================================================
Received Prepare
Registering precompiled user dll's ...
Registered in 0.006348 seconds.
Begin MonoManager ReloadAssembly
Native extension for WindowsStandalone target not found
Refreshing native plugins compatible for Editor in 1.61 ms, found 3 plugins.
Preloading 0 native plugins for Editor in 0.00 ms.
Mono: successfully reloaded assembly
- Completed reload, in  1.927 seconds
Platform modules already initialized, skipping
Refreshing native plugins compatible for Editor in 2.31 ms, found 3 plugins.
Preloading 0 native plugins for Editor in 0.00 ms.
Unloading 2502 Unused Serialized files (Serialized files now loaded: 0)
System memory in use before: 114.5 MB.
System memory in use after: 114.6 MB.

Unloading 22 unused Assets to reduce memory usage. Loaded Objects now: 3012.
Total: 4.859700 ms (FindLiveObjects: 0.456300 ms CreateObjectMapping: 0.154800 ms MarkObjects: 3.979000 ms  DeleteObjects: 0.267500 ms)

AssetImportParameters requested are different than current active one (requested -> active):
  custom:framework-win-MediaFoundation: 216162199b28c13a410421893ffa2e32 -> 
  custom:video-decoder-ogg-theora: a1e56fd34408186e4bbccfd4996cb3dc -> 
  custom:container-muxer-webm: aa71ff27fc2769a1b78a27578f13a17b -> 
  custom:container-demuxer-webm: 4f35f7cbe854078d1ac9338744f61a02 -> 
  custom:container-demuxer-ogg: 62fdf1f143b41e24485cea50d1cbac27 -> 
  custom:video-encoder-webm-vp8: eb34c28f22e8b96e1ab97ce403110664 -> 
  custom:video-decoder-webm-vp8: 9c59270c3fd7afecdb556c50c9e8de78 -> 
  custom:audio-decoder-ogg-vorbis: bf7c407c2cedff20999df2af8eb42d56 -> 
  custom:audio-encoder-webm-vorbis: bf7c407c2cedff20999df2af8eb42d56 -> 
========================================================================
Received Import Request.
  Time since last request: 167.544313 seconds.
  path: Assets/Final/Z_2.unity
  artifactKey: Guid(8c444db84b024364a96724ca3eab64b9) Importer(815301076,1909f56bfc062723c751e8b465ee728b)
Start importing Assets/Final/Z_2.unity using Guid(8c444db84b024364a96724ca3eab64b9) Importer(815301076,1909f56bfc062723c751e8b465ee728b)  -> (artifact id: '50a808f32ce3943cd61bb83805e45da1') in 0.030922 seconds 
  Import took 0.086676 seconds .

========================================================================
Received Prepare
Registering precompiled user dll's ...
Registered in 0.007604 seconds.
Begin MonoManager ReloadAssembly
Native extension for WindowsStandalone target not found
Refreshing native plugins compatible for Editor in 1.40 ms, found 3 plugins.
Preloading 0 native plugins for Editor in 0.00 ms.
Mono: successfully reloaded assembly
- Completed reload, in  1.827 seconds
Platform modules already initialized, skipping
Refreshing native plugins compatible for Editor in 1.75 ms, found 3 plugins.
Preloading 0 native plugins for Editor in 0.00 ms.
Unloading 2502 Unused Serialized files (Serialized files now loaded: 0)
System memory in use before: 114.5 MB.
System memory in use after: 114.6 MB.

Unloading 22 unused Assets to reduce memory usage. Loaded Objects now: 3016.
Total: 5.838400 ms (FindLiveObjects: 0.482300 ms CreateObjectMapping: 0.145500 ms MarkObjects: 4.928000 ms  DeleteObjects: 0.280100 ms)

AssetImportParameters requested are different than current active one (requested -> active):
  custom:framework-win-MediaFoundation: 216162199b28c13a410421893ffa2e32 -> 
  custom:video-decoder-ogg-theora: a1e56fd34408186e4bbccfd4996cb3dc -> 
  custom:container-muxer-webm: aa71ff27fc2769a1b78a27578f13a17b -> 
  custom:container-demuxer-webm: 4f35f7cbe854078d1ac9338744f61a02 -> 
  custom:container-demuxer-ogg: 62fdf1f143b41e24485cea50d1cbac27 -> 
  custom:video-encoder-webm-vp8: eb34c28f22e8b96e1ab97ce403110664 -> 
  custom:video-decoder-webm-vp8: 9c59270c3fd7afecdb556c50c9e8de78 -> 
  custom:audio-decoder-ogg-vorbis: bf7c407c2cedff20999df2af8eb42d56 -> 
  custom:audio-encoder-webm-vorbis: bf7c407c2cedff20999df2af8eb42d56 -> 
========================================================================
Received Import Request.
  Time since last request: 189.046073 seconds.
  path: Assets/2DGamekit/Scenes/Zone5.unity
  artifactKey: Guid(960b12f881940d84983273421bebc695) Importer(815301076,1909f56bfc062723c751e8b465ee728b)
Start importing Assets/2DGamekit/Scenes/Zone5.unity using Guid(960b12f881940d84983273421bebc695) Importer(815301076,1909f56bfc062723c751e8b465ee728b)  -> (artifact id: 'aa11daf1e4315ed9c5ac8a956acc209f') in 0.036045 seconds 
  Import took 0.056305 seconds .

========================================================================
Received Prepare
Registering precompiled user dll's ...
Registered in 0.006846 seconds.
Begin MonoManager ReloadAssembly
Native extension for WindowsStandalone target not found
Refreshing native plugins compatible for Editor in 1.56 ms, found 3 plugins.
Preloading 0 native plugins for Editor in 0.00 ms.
Mono: successfully reloaded assembly
- Completed reload, in  1.906 seconds
Platform modules already initialized, skipping
Refreshing native plugins compatible for Editor in 1.36 ms, found 3 plugins.
Preloading 0 native plugins for Editor in 0.00 ms.
Unloading 2502 Unused Serialized files (Serialized files now loaded: 0)
System memory in use before: 114.6 MB.
System memory in use after: 114.7 MB.

Unloading 22 unused Assets to reduce memory usage. Loaded Objects now: 3020.
Total: 3.797700 ms (FindLiveObjects: 0.316800 ms CreateObjectMapping: 0.077300 ms MarkObjects: 3.216800 ms  DeleteObjects: 0.185000 ms)

AssetImportParameters requested are different than current active one (requested -> active):
  custom:framework-win-MediaFoundation: 216162199b28c13a410421893ffa2e32 -> 
  custom:video-decoder-ogg-theora: a1e56fd34408186e4bbccfd4996cb3dc -> 
  custom:container-muxer-webm: aa71ff27fc2769a1b78a27578f13a17b -> 
  custom:container-demuxer-webm: 4f35f7cbe854078d1ac9338744f61a02 -> 
  custom:container-demuxer-ogg: 62fdf1f143b41e24485cea50d1cbac27 -> 
  custom:video-encoder-webm-vp8: eb34c28f22e8b96e1ab97ce403110664 -> 
  custom:video-decoder-webm-vp8: 9c59270c3fd7afecdb556c50c9e8de78 -> 
  custom:audio-decoder-ogg-vorbis: bf7c407c2cedff20999df2af8eb42d56 -> 
  custom:audio-encoder-webm-vorbis: bf7c407c2cedff20999df2af8eb42d56 -> 
========================================================================
Received Import Request.
  Time since last request: 60.617120 seconds.
  path: Assets/2DGamekit/Scenes/Zone5.unity
  artifactKey: Guid(960b12f881940d84983273421bebc695) Importer(815301076,1909f56bfc062723c751e8b465ee728b)
Start importing Assets/2DGamekit/Scenes/Zone5.unity using Guid(960b12f881940d84983273421bebc695) Importer(815301076,1909f56bfc062723c751e8b465ee728b)  -> (artifact id: '03b1c856dcf9762fef3e4c4e68866ba5') in 0.031641 seconds 
  Import took 0.053577 seconds .

========================================================================
Received Import Request.
  Time since last request: 121.337164 seconds.
  path: Assets/2DGamekit/Scenes/Zone5.unity
  artifactKey: Guid(960b12f881940d84983273421bebc695) Importer(815301076,1909f56bfc062723c751e8b465ee728b)
Start importing Assets/2DGamekit/Scenes/Zone5.unity using Guid(960b12f881940d84983273421bebc695) Importer(815301076,1909f56bfc062723c751e8b465ee728b)  -> (artifact id: '27965fd705b871f4427a235b2217cadc') in 0.004887 seconds 
  Import took 0.013369 seconds .

========================================================================
Received Import Request.
  Time since last request: 119.983829 seconds.
  path: Assets/2DGamekit/Prefabs/TransitionDestination.prefab
  artifactKey: Guid(61c8b9ad81ea4bf43aaa87f9930cbf4c) Importer(815301076,1909f56bfc062723c751e8b465ee728b)
Start importing Assets/2DGamekit/Prefabs/TransitionDestination.prefab using Guid(61c8b9ad81ea4bf43aaa87f9930cbf4c) Importer(815301076,1909f56bfc062723c751e8b465ee728b)  -> (artifact id: 'b58c586d874c596df079a4def1db594e') in 0.133375 seconds 
  Import took 0.157267 seconds .

========================================================================
Received Import Request.
  Time since last request: 10.628709 seconds.
  path: Assets/Final/Z_1.unity
  artifactKey: Guid(a79e17e7eac4b6c48ad49ee4290c6a15) Importer(815301076,1909f56bfc062723c751e8b465ee728b)
Start importing Assets/Final/Z_1.unity using Guid(a79e17e7eac4b6c48ad49ee4290c6a15) Importer(815301076,1909f56bfc062723c751e8b465ee728b)  -> (artifact id: 'a5d6ca05fa70608e454c5d759ad4fa5c') in 0.003244 seconds 
  Import took 0.023501 seconds .

========================================================================
Received Import Request.
  Time since last request: 108.412120 seconds.
  path: Assets/Final/Z_2.unity
  artifactKey: Guid(8c444db84b024364a96724ca3eab64b9) Importer(815301076,1909f56bfc062723c751e8b465ee728b)
Start importing Assets/Final/Z_2.unity using Guid(8c444db84b024364a96724ca3eab64b9) Importer(815301076,1909f56bfc062723c751e8b465ee728b)  -> (artifact id: '7fcc3e8ae561f11d84532c651c1c0aad') in 0.005712 seconds 
  Import took 0.031735 seconds .

========================================================================
Received Prepare
Registering precompiled user dll's ...
Registered in 0.006670 seconds.
Begin MonoManager ReloadAssembly
Native extension for WindowsStandalone target not found
Refreshing native plugins compatible for Editor in 1.30 ms, found 3 plugins.
Preloading 0 native plugins for Editor in 0.00 ms.
Mono: successfully reloaded assembly
- Completed reload, in  2.092 seconds
Platform modules already initialized, skipping
Refreshing native plugins compatible for Editor in 1.36 ms, found 3 plugins.
Preloading 0 native plugins for Editor in 0.00 ms.
Unloading 2502 Unused Serialized files (Serialized files now loaded: 0)
System memory in use before: 114.6 MB.
System memory in use after: 114.7 MB.

Unloading 22 unused Assets to reduce memory usage. Loaded Objects now: 3024.
Total: 5.690800 ms (FindLiveObjects: 0.460800 ms CreateObjectMapping: 0.108000 ms MarkObjects: 4.819700 ms  DeleteObjects: 0.300100 ms)

AssetImportParameters requested are different than current active one (requested -> active):
  custom:framework-win-MediaFoundation: 216162199b28c13a410421893ffa2e32 -> 
  custom:video-decoder-ogg-theora: a1e56fd34408186e4bbccfd4996cb3dc -> 
  custom:container-muxer-webm: aa71ff27fc2769a1b78a27578f13a17b -> 
  custom:container-demuxer-webm: 4f35f7cbe854078d1ac9338744f61a02 -> 
  custom:container-demuxer-ogg: 62fdf1f143b41e24485cea50d1cbac27 -> 
  custom:video-encoder-webm-vp8: eb34c28f22e8b96e1ab97ce403110664 -> 
  custom:video-decoder-webm-vp8: 9c59270c3fd7afecdb556c50c9e8de78 -> 
  custom:audio-decoder-ogg-vorbis: bf7c407c2cedff20999df2af8eb42d56 -> 
  custom:audio-encoder-webm-vorbis: bf7c407c2cedff20999df2af8eb42d56 -> 
========================================================================
Received Prepare
Registering precompiled user dll's ...
Registered in 0.005179 seconds.
Begin MonoManager ReloadAssembly
Native extension for WindowsStandalone target not found
Refreshing native plugins compatible for Editor in 1.95 ms, found 3 plugins.
Preloading 0 native plugins for Editor in 0.00 ms.
Mono: successfully reloaded assembly
- Completed reload, in  1.986 seconds
Platform modules already initialized, skipping
Refreshing native plugins compatible for Editor in 1.57 ms, found 3 plugins.
Preloading 0 native plugins for Editor in 0.00 ms.
Unloading 2502 Unused Serialized files (Serialized files now loaded: 0)
System memory in use before: 114.6 MB.
System memory in use after: 114.7 MB.

Unloading 22 unused Assets to reduce memory usage. Loaded Objects now: 3028.
Total: 4.955000 ms (FindLiveObjects: 0.468900 ms CreateObjectMapping: 0.118500 ms MarkObjects: 4.159300 ms  DeleteObjects: 0.206600 ms)

AssetImportParameters requested are different than current active one (requested -> active):
  custom:framework-win-MediaFoundation: 216162199b28c13a410421893ffa2e32 -> 
  custom:video-decoder-ogg-theora: a1e56fd34408186e4bbccfd4996cb3dc -> 
  custom:container-muxer-webm: aa71ff27fc2769a1b78a27578f13a17b -> 
  custom:container-demuxer-webm: 4f35f7cbe854078d1ac9338744f61a02 -> 
  custom:container-demuxer-ogg: 62fdf1f143b41e24485cea50d1cbac27 -> 
  custom:video-encoder-webm-vp8: eb34c28f22e8b96e1ab97ce403110664 -> 
  custom:video-decoder-webm-vp8: 9c59270c3fd7afecdb556c50c9e8de78 -> 
  custom:audio-decoder-ogg-vorbis: bf7c407c2cedff20999df2af8eb42d56 -> 
  custom:audio-encoder-webm-vorbis: bf7c407c2cedff20999df2af8eb42d56 -> 
========================================================================
Received Import Request.
  Time since last request: 154.659012 seconds.
  path: Assets/Final/Key.prefab
  artifactKey: Guid(e547ff0a46d0b0e45a1d237638166450) Importer(815301076,1909f56bfc062723c751e8b465ee728b)
Start importing Assets/Final/Key.prefab using Guid(e547ff0a46d0b0e45a1d237638166450) Importer(815301076,1909f56bfc062723c751e8b465ee728b)  -> (artifact id: '300ee61d42c37ef9a70f748f880b55eb') in 0.231305 seconds 
  Import took 0.250938 seconds .

========================================================================
Received Import Request.
  Time since last request: 0.575987 seconds.
  path: Assets/Final/Z_2.unity
  artifactKey: Guid(8c444db84b024364a96724ca3eab64b9) Importer(815301076,1909f56bfc062723c751e8b465ee728b)
Start importing Assets/Final/Z_2.unity using Guid(8c444db84b024364a96724ca3eab64b9) Importer(815301076,1909f56bfc062723c751e8b465ee728b)  -> (artifact id: 'ec57f33a2639f72d27d34670b766e682') in 0.004732 seconds 
  Import took 0.035166 seconds .

========================================================================
Received Prepare
Registering precompiled user dll's ...
Registered in 0.005942 seconds.
Begin MonoManager ReloadAssembly
Native extension for WindowsStandalone target not found
Refreshing native plugins compatible for Editor in 0.95 ms, found 3 plugins.
Preloading 0 native plugins for Editor in 0.00 ms.
Mono: successfully reloaded assembly
- Completed reload, in  1.915 seconds
Platform modules already initialized, skipping
Refreshing native plugins compatible for Editor in 1.91 ms, found 3 plugins.
Preloading 0 native plugins for Editor in 0.00 ms.
Unloading 2502 Unused Serialized files (Serialized files now loaded: 0)
System memory in use before: 117.7 MB.
System memory in use after: 117.8 MB.

Unloading 25 unused Assets to reduce memory usage. Loaded Objects now: 3039.
Total: 5.243300 ms (FindLiveObjects: 0.495900 ms CreateObjectMapping: 0.218100 ms MarkObjects: 4.282600 ms  DeleteObjects: 0.244800 ms)

AssetImportParameters requested are different than current active one (requested -> active):
  custom:framework-win-MediaFoundation: 216162199b28c13a410421893ffa2e32 -> 
  custom:video-decoder-ogg-theora: a1e56fd34408186e4bbccfd4996cb3dc -> 
  custom:container-muxer-webm: aa71ff27fc2769a1b78a27578f13a17b -> 
  custom:container-demuxer-webm: 4f35f7cbe854078d1ac9338744f61a02 -> 
  custom:container-demuxer-ogg: 62fdf1f143b41e24485cea50d1cbac27 -> 
  custom:video-encoder-webm-vp8: eb34c28f22e8b96e1ab97ce403110664 -> 
  custom:video-decoder-webm-vp8: 9c59270c3fd7afecdb556c50c9e8de78 -> 
  custom:audio-decoder-ogg-vorbis: bf7c407c2cedff20999df2af8eb42d56 -> 
  custom:audio-encoder-webm-vorbis: bf7c407c2cedff20999df2af8eb42d56 -> 
========================================================================
Received Import Request.
  Time since last request: 60.627873 seconds.
  path: Assets/Final/Z_2.unity
  artifactKey: Guid(8c444db84b024364a96724ca3eab64b9) Importer(815301076,1909f56bfc062723c751e8b465ee728b)
Start importing Assets/Final/Z_2.unity using Guid(8c444db84b024364a96724ca3eab64b9) Importer(815301076,1909f56bfc062723c751e8b465ee728b)  -> (artifact id: 'c671a9a6c4ef004049d2741f658bdbcf') in 0.025140 seconds 
  Import took 0.045247 seconds .

========================================================================
Received Import Request.
  Time since last request: 149.705497 seconds.
  path: Assets/Final/Z_2Settings.lighting
  artifactKey: Guid(849c2e0503169d841a70dc4d728b46fb) Importer(815301076,1909f56bfc062723c751e8b465ee728b)
Start importing Assets/Final/Z_2Settings.lighting using Guid(849c2e0503169d841a70dc4d728b46fb) Importer(815301076,1909f56bfc062723c751e8b465ee728b) LightingSettings: switching bake backend from 1 to 0.
 -> (artifact id: '715b5c070c2bf02037ad306bd5048100') in 0.017682 seconds 
  Import took 0.038534 seconds .

========================================================================
Received Import Request.
  Time since last request: 101.992097 seconds.
  path: Assets/2DGamekit/Prefabs/Interactables/MovingPlatformlong.prefab
  artifactKey: Guid(75c2b6a66ee2dfe4b9f818176a33f456) Importer(815301076,1909f56bfc062723c751e8b465ee728b)
Start importing Assets/2DGamekit/Prefabs/Interactables/MovingPlatformlong.prefab using Guid(75c2b6a66ee2dfe4b9f818176a33f456) Importer(815301076,1909f56bfc062723c751e8b465ee728b)  -> (artifact id: '88e89c9dba97e30e0db7ef7c5f8542d2') in 0.102612 seconds 
  Import took 0.123006 seconds .

========================================================================
Received Import Request.
  Time since last request: 140.787457 seconds.
  path: Assets/2DGamekit/Scenes/Zone5.unity
  artifactKey: Guid(960b12f881940d84983273421bebc695) Importer(815301076,1909f56bfc062723c751e8b465ee728b)
Start importing Assets/2DGamekit/Scenes/Zone5.unity using Guid(960b12f881940d84983273421bebc695) Importer(815301076,1909f56bfc062723c751e8b465ee728b)  -> (artifact id: '8784547f0ad33bbc5a89f390714a6e5b') in 0.013922 seconds 
  Import took 0.040732 seconds .

========================================================================
Received Import Request.
  Time since last request: 20.965109 seconds.
  path: Assets/2DGamekit/Scenes/Zone5Settings.lighting
  artifactKey: Guid(699d95c0066efb6489ac5cc353accf6e) Importer(815301076,1909f56bfc062723c751e8b465ee728b)
Start importing Assets/2DGamekit/Scenes/Zone5Settings.lighting using Guid(699d95c0066efb6489ac5cc353accf6e) Importer(815301076,1909f56bfc062723c751e8b465ee728b) LightingSettings: switching bake backend from 1 to 0.
 -> (artifact id: '3e5299cbb6a7e0783c34d44bf8ea596c') in 0.023071 seconds 
  Import took 0.050188 seconds .

